Using pre-set license
Built from '2020.2/china_unity/release' branch; Version is '2020.2.2f1c1 (e7e650540bb3) revision 15197776'; Using compiler version '192528614'; Build Type 'Release'
OS: 'Windows 10 Pro; OS build 19042.985; Version 2009; 64bit' Language: 'zh' Physical Memory: 16299 MB
BatchMode: 1, IsHumanControllingUs: 0, StartBugReporterOnCrash: 0, Is64bit: 1, IsPro: 0

 COMMAND LINE ARGUMENTS:
C:\Program Files\Unity\Hub\Editor\2020.2.2f1c1\Editor\Unity.exe
-adb2
-batchMode
-noUpm
-name
AssetImportWorker0
-projectPath
F:/myUnity/test
-logFile
Logs/AssetImportWorker0.log
-srvPort
58563
Successfully changed project path to: F:/myUnity/test
F:/myUnity/test
Using Asset Import Pipeline V2.
Refreshing native plugins compatible for Editor in 25.16 ms, found 0 plugins.
Preloading 0 native plugins for Editor in 0.00 ms.
Initialize engine version: 2020.2.2f1c1 (e7e650540bb3)
[Subsystems] Discovering subsystems at path C:/Program Files/Unity/Hub/Editor/2020.2.2f1c1/Editor/Data/Resources/UnitySubsystems
[Subsystems] Discovering subsystems at path F:/myUnity/test/Assets
GfxDevice: creating device client; threaded=0
Direct3D:
    Version:  Direct3D 11.0 [level 11.1]
    Renderer: NVIDIA GeForce GTX 1650 (ID=0x2188)
    Vendor:   
    VRAM:     3962 MB
    Driver:   27.21.14.5671
Initialize mono
Mono path[0] = 'C:/Program Files/Unity/Hub/Editor/2020.2.2f1c1/Editor/Data/Managed'
Mono path[1] = 'C:/Program Files/Unity/Hub/Editor/2020.2.2f1c1/Editor/Data/MonoBleedingEdge/lib/mono/unityjit'
Mono config path = 'C:/Program Files/Unity/Hub/Editor/2020.2.2f1c1/Editor/Data/MonoBleedingEdge/etc'
Using monoOptions --debugger-agent=transport=dt_socket,embedding=1,server=y,suspend=n,address=127.0.0.1:56372
Begin MonoManager ReloadAssembly
Registering precompiled unity dll's ...
Register platform support module: C:/Program Files/Unity/Hub/Editor/2020.2.2f1c1/Editor/Data/PlaybackEngines/WindowsStandaloneSupport/UnityEditor.WindowsStandalone.Extensions.dll
Registered in 0.002478 seconds.
Native extension for WindowsStandalone target not found
Refreshing native plugins compatible for Editor in 22.80 ms, found 0 plugins.
Preloading 0 native plugins for Editor in 0.00 ms.
Invoked RoslynAnalysisRunner static constructor.
RoslynAnalysisRunner will not be running.
RoslynAnalysisRunner has terminated.
Mono: successfully reloaded assembly
- Completed reload, in  0.962 seconds
Platform modules already initialized, skipping
Registering precompiled user dll's ...
Registered in 0.000516 seconds.
Begin MonoManager ReloadAssembly
Native extension for WindowsStandalone target not found
Refreshing native plugins compatible for Editor in 0.36 ms, found 0 plugins.
Preloading 0 native plugins for Editor in 0.00 ms.
Invoked RoslynAnalysisRunner static constructor.
RoslynAnalysisRunner will not be running.
RoslynAnalysisRunner has terminated.
Mono: successfully reloaded assembly
- Completed reload, in  0.992 seconds
Platform modules already initialized, skipping
========================================================================
Worker process is ready to serve import requests
Launched and connected shader compiler UnityShaderCompiler.exe after 0.05 seconds
Refreshing native plugins compatible for Editor in 0.37 ms, found 0 plugins.
Preloading 0 native plugins for Editor in 0.00 ms.
Unloading 1112 Unused Serialized files (Serialized files now loaded: 0)
System memory in use before: 59.0 MB.
System memory in use after: 59.1 MB.

Unloading 9 unused Assets to reduce memory usage. Loaded Objects now: 1556.
Total: 3.074700 ms (FindLiveObjects: 0.338700 ms CreateObjectMapping: 0.127100 ms MarkObjects: 2.501300 ms  DeleteObjects: 0.105900 ms)

========================================================================
Received Import Request.
  path: Assets/Shader/Shader1.shader
  artifactKey: Guid(1821830bbecc5d7439bedc4e3329492c) Importer(815301076,1909f56bfc062723c751e8b465ee728b)
Start importing Assets/Shader/Shader1.shader using Guid(1821830bbecc5d7439bedc4e3329492c) Importer(815301076,1909f56bfc062723c751e8b465ee728b)  -> (artifact id: 'edd632cfeea0453921efcec654a421e6') in 0.053217 seconds
  Import took 0.056188 seconds .

========================================================================
Received Import Request.
  Time since last request: 124.440330 seconds.
  path: Assets/Shader/Shader1.shader
  artifactKey: Guid(1821830bbecc5d7439bedc4e3329492c) Importer(815301076,1909f56bfc062723c751e8b465ee728b)
Start importing Assets/Shader/Shader1.shader using Guid(1821830bbecc5d7439bedc4e3329492c) Importer(815301076,1909f56bfc062723c751e8b465ee728b)  -> (artifact id: 'f3f6eb0c547487e9062c094583a16eb8') in 0.009857 seconds
  Import took 0.013689 seconds .

========================================================================
Received Import Request.
  Time since last request: 0.038361 seconds.
  path: Assets/Shader/Shader1.shader
  artifactKey: Guid(1821830bbecc5d7439bedc4e3329492c) Importer(815301076,1909f56bfc062723c751e8b465ee728b)
Start importing Assets/Shader/Shader1.shader using Guid(1821830bbecc5d7439bedc4e3329492c) Importer(815301076,1909f56bfc062723c751e8b465ee728b)  -> (artifact id: 'f3f6eb0c547487e9062c094583a16eb8') in 0.005243 seconds
  Import took 0.007757 seconds .

========================================================================
Received Import Request.
  Time since last request: 46.088935 seconds.
  path: Assets/Materials/Shader Tutorial.mat
  artifactKey: Guid(0964f928f82a4584bba9cbae176c0e0e) Importer(815301076,1909f56bfc062723c751e8b465ee728b)
Start importing Assets/Materials/Shader Tutorial.mat using Guid(0964f928f82a4584bba9cbae176c0e0e) Importer(815301076,1909f56bfc062723c751e8b465ee728b)  -> (artifact id: '44067680030077b8ff6547942a144d8f') in 0.080327 seconds
  Import took 0.082366 seconds .

========================================================================
Received Import Request.
  Time since last request: 316.803707 seconds.
  path: Assets/Materials/Shader Tutorial.mat
  artifactKey: Guid(0964f928f82a4584bba9cbae176c0e0e) Importer(815301076,1909f56bfc062723c751e8b465ee728b)
Start importing Assets/Materials/Shader Tutorial.mat using Guid(0964f928f82a4584bba9cbae176c0e0e) Importer(815301076,1909f56bfc062723c751e8b465ee728b)  -> (artifact id: '36805054703f59ec0a9905e68839ab55') in 0.028268 seconds
  Import took 0.030423 seconds .

========================================================================
Received Import Request.
  Time since last request: 0.000185 seconds.
  path: Assets/Materials/Walkable Tile Mat.mat
  artifactKey: Guid(b601776c607c39b4ab59f004c387e0b8) Importer(815301076,1909f56bfc062723c751e8b465ee728b)
Start importing Assets/Materials/Walkable Tile Mat.mat using Guid(b601776c607c39b4ab59f004c387e0b8) Importer(815301076,1909f56bfc062723c751e8b465ee728b)  -> (artifact id: 'ae9ce877c416cd4a74a16808ac699116') in 0.026609 seconds
  Import took 0.028490 seconds .

AssetImportWorkerClient::OnTransportError - code=2 error=End of file
